<?xml version="1.0" encoding="UTF-8"?>
<!-- Generated by org.testng.reporters.JUnitXMLReporter -->
<testsuite ignored="0" hostname="DESKTOP-6UUPM1I" failures="0" tests="12" name="ChromeTest" time="0.188" errors="0" timestamp="2024-10-28T15:45:57 IST">
  <testcase classname="com.DomsEpson.ProductTest.WomensProductTest" name="addProduct" time="0.016"/>
  <testcase classname="com.DomsEpson.ProductTest.WomensProductTest" name="removeProduct" time="0.003"/>
  <testcase classname="com.DomsEpson.ProductTest.WomensProductTest" name="updateProduct" time="0.005"/>
  <testcase classname="com.DomsEpson.ProductTest.ElectronicProductTest" name="addProduct" time="0.005"/>
  <testcase classname="com.DomsEpson.ProductTest.ElectronicProductTest" name="removeProduct" time="0.002"/>
  <testcase classname="com.DomsEpson.ProductTest.ElectronicProductTest" name="updateProduct" time="0.002"/>
  <testcase classname="com.DomsEpson.ProductTest.MensProductTest" name="addProduct" time="0.004"/>
  <testcase classname="com.DomsEpson.ProductTest.MensProductTest" name="removeProduct" time="0.003"/>
  <testcase classname="com.DomsEpson.ProductTest.MensProductTest" name="updateProduct" time="0.003"/>
  <testcase classname="com.DomsEpson.ProductTest.KidsProductTest" name="addProduct" time="0.004"/>
  <testcase classname="com.DomsEpson.ProductTest.KidsProductTest" name="removeProduct" time="0.005"/>
  <testcase classname="com.DomsEpson.ProductTest.KidsProductTest" name="updateProduct" time="0.003"/>
</testsuite> <!-- ChromeTest -->
