<?xml version="1.0" encoding="UTF-8"?>
<!-- Generated by org.testng.reporters.JUnitXMLReporter -->
<testsuite ignored="0" hostname="DESKTOP-6UUPM1I" failures="0" tests="3" name="ChromeTest" time="23.021" errors="0" timestamp="2024-11-06T10:53:33 IST">
  <testcase classname="com.DomsEpson.WelcomeTest.VerifyWelcomePageTest" name="verifyWelcomepageWithValidInput" time="11.17"/>
  <testcase classname="com.DomsEpson.WelcomeTest.VerifyWelcomePageTest" name="verifyWelcomepageWithInvalidInput" time="3.18"/>
  <testcase classname="com.DomsEpson.WelcomeTest.VerifyWelcomePageTest" name="verifyWelcomepageWithInvalidInput" time="3.29"/>
</testsuite> <!-- ChromeTest -->
