<?xml version="1.0" encoding="UTF-8"?>
<testng-results ignored="0" total="3" passed="3" failed="0" skipped="0">
  <reporter-output>
    <line>
      <![CDATA[Step1:Browser launched succesfully]]>
    </line>
    <line>
      <![CDATA[Step1.1:Maximized the browser succesfully]]>
    </line>
    <line>
      <![CDATA[Step2:Navigating to application via URL succesfully]]>
    </line>
    <line>
      <![CDATA[Step6:SendKeys Action done succesfully-PasswordTextField]]>
    </line>
    <line>
      <![CDATA[Step17:Browser closed succesfully]]>
    </line>
  </reporter-output>
  <suite started-at="2024-11-06T10:53:10 IST" name="Functionality" finished-at="2024-11-06T10:53:33 IST" duration-ms="23021">
    <groups>
    </groups>
    <test started-at="2024-11-06T10:53:10 IST" name="ChromeTest" finished-at="2024-11-06T10:53:33 IST" duration-ms="23021">
      <class name="com.DomsEpson.WelcomeTest.VerifyWelcomePageTest">
        <test-method is-config="true" signature="suiteSetup()[pri:0, instance:com.DomsEpson.WelcomeTest.VerifyWelcomePageTest@45099dd3]" started-at="2024-11-06T10:53:09 IST" name="suiteSetup" finished-at="2024-11-06T10:53:10 IST" duration-ms="310" status="PASS">
          <reporter-output>
          </reporter-output>
        </test-method> <!-- suiteSetup -->
        <test-method is-config="true" signature="browserSetup(java.lang.String,java.lang.String)[pri:0, instance:com.DomsEpson.WelcomeTest.VerifyWelcomePageTest@45099dd3]" started-at="2024-11-06T10:53:10 IST" name="browserSetup" finished-at="2024-11-06T10:53:15 IST" duration-ms="5078" status="PASS">
          <params>
            <param index="0">
              <value>
                <![CDATA[chrome]]>
              </value>
            </param>
            <param index="1">
              <value>
                <![CDATA[file:///C:/Users/DELL/Desktop/QSP_Automation_testing/com.DomsEpson/src/main/resources/Softwares/webpage.html]]>
              </value>
            </param>
          </params>
          <reporter-output>
            <line>
              <![CDATA[Step1:Browser launched succesfully]]>
            </line>
            <line>
              <![CDATA[Step1.1:Maximized the browser succesfully]]>
            </line>
            <line>
              <![CDATA[Step2:Navigating to application via URL succesfully]]>
            </line>
          </reporter-output>
        </test-method> <!-- browserSetup -->
        <test-method signature="verifyWelcomepageWithValidInput()[pri:1, instance:com.DomsEpson.WelcomeTest.VerifyWelcomePageTest@45099dd3]" started-at="2024-11-06T10:53:15 IST" name="verifyWelcomepageWithValidInput" finished-at="2024-11-06T10:53:26 IST" duration-ms="11170" status="PASS">
          <reporter-output>
            <line>
              <![CDATA[Step6:SendKeys Action done succesfully-PasswordTextField]]>
            </line>
          </reporter-output>
        </test-method> <!-- verifyWelcomepageWithValidInput -->
        <test-method signature="verifyWelcomepageWithInvalidInput()[pri:2, instance:com.DomsEpson.WelcomeTest.VerifyWelcomePageTest@45099dd3]" started-at="2024-11-06T10:53:26 IST" name="verifyWelcomepageWithInvalidInput" finished-at="2024-11-06T10:53:29 IST" depends-on-methods="com.DomsEpson.WelcomeTest.VerifyWelcomePageTest.verifyWelcomepageWithValidInput" duration-ms="3180" status="PASS">
          <reporter-output>
          </reporter-output>
        </test-method> <!-- verifyWelcomepageWithInvalidInput -->
        <test-method signature="verifyWelcomepageWithInvalidInput()[pri:2, instance:com.DomsEpson.WelcomeTest.VerifyWelcomePageTest@45099dd3]" started-at="2024-11-06T10:53:29 IST" name="verifyWelcomepageWithInvalidInput" finished-at="2024-11-06T10:53:32 IST" depends-on-methods="com.DomsEpson.WelcomeTest.VerifyWelcomePageTest.verifyWelcomepageWithValidInput" duration-ms="3290" status="PASS">
          <reporter-output>
          </reporter-output>
        </test-method> <!-- verifyWelcomepageWithInvalidInput -->
        <test-method is-config="true" signature="terminatebrowser()[pri:0, instance:com.DomsEpson.WelcomeTest.VerifyWelcomePageTest@45099dd3]" started-at="2024-11-06T10:53:32 IST" name="terminatebrowser" finished-at="2024-11-06T10:53:33 IST" duration-ms="247" status="PASS">
          <reporter-output>
            <line>
              <![CDATA[Step17:Browser closed succesfully]]>
            </line>
          </reporter-output>
        </test-method> <!-- terminatebrowser -->
        <test-method is-config="true" signature="suiteTerminateSetup()[pri:0, instance:com.DomsEpson.WelcomeTest.VerifyWelcomePageTest@45099dd3]" started-at="2024-11-06T10:53:33 IST" name="suiteTerminateSetup" finished-at="2024-11-06T10:53:33 IST" duration-ms="455" status="PASS">
          <reporter-output>
          </reporter-output>
        </test-method> <!-- suiteTerminateSetup -->
      </class> <!-- com.DomsEpson.WelcomeTest.VerifyWelcomePageTest -->
    </test> <!-- ChromeTest -->
  </suite> <!-- Functionality -->
</testng-results>
